Determining if the function fcntl exists failed with the following output:
Change Dir: C:/Users/User/source/repos/tealengine/enet/out/build/x64-Debug/CMakeFiles/CMakeTmp

Run Build Command(s):C:/Program Files (x86)/Microsoft Visual Studio/2019/Community/Common7/IDE/CommonExtensions/Microsoft/CMake/Ninja/ninja.exe cmTC_9761f && [1/2] Building C object CMakeFiles\cmTC_9761f.dir\CheckFunctionExists.c.obj
[2/2] Linking C executable cmTC_9761f.exe
FAILED: cmTC_9761f.exe 
cmd.exe /C "cd . && "C:\Program Files (x86)\Microsoft Visual Studio\2019\Community\Common7\IDE\CommonExtensions\Microsoft\CMake\CMake\bin\cmake.exe" -E vs_link_exe --intdir=CMakeFiles\cmTC_9761f.dir --rc=C:\PROGRA~2\WI3CF2~1\10\bin\100190~1.0\x64\rc.exe --mt=C:\PROGRA~2\WI3CF2~1\10\bin\100190~1.0\x64\mt.exe --manifests  -- C:\PROGRA~2\MICROS~1\2019\COMMUN~1\VC\Tools\MSVC\1428~1.299\bin\Hostx64\x64\link.exe /nologo CMakeFiles\cmTC_9761f.dir\CheckFunctionExists.c.obj  /out:cmTC_9761f.exe /implib:cmTC_9761f.lib /pdb:cmTC_9761f.pdb /version:0.0 /machine:x64  /debug /INCREMENTAL /subsystem:console  kernel32.lib user32.lib gdi32.lib winspool.lib shell32.lib ole32.lib oleaut32.lib uuid.lib comdlg32.lib advapi32.lib && cd ."
LINK Pass 1: command "C:\PROGRA~2\MICROS~1\2019\COMMUN~1\VC\Tools\MSVC\1428~1.299\bin\Hostx64\x64\link.exe /nologo CMakeFiles\cmTC_9761f.dir\CheckFunctionExists.c.obj /out:cmTC_9761f.exe /implib:cmTC_9761f.lib /pdb:cmTC_9761f.pdb /version:0.0 /machine:x64 /debug /INCREMENTAL /subsystem:console kernel32.lib user32.lib gdi32.lib winspool.lib shell32.lib ole32.lib oleaut32.lib uuid.lib comdlg32.lib advapi32.lib /MANIFEST /MANIFESTFILE:CMakeFiles\cmTC_9761f.dir/intermediate.manifest CMakeFiles\cmTC_9761f.dir/manifest.res" failed (exit code 1120) with the following output:
CheckFunctionExists.c.obj : error LNK2019: unresolved external symbol fcntl referenced in function main
cmTC_9761f.exe : fatal error LNK1120: 1 unresolved externals
ninja: build stopped: subcommand failed.



Determining if the function poll exists failed with the following output:
Change Dir: C:/Users/User/source/repos/tealengine/enet/out/build/x64-Debug/CMakeFiles/CMakeTmp

Run Build Command(s):C:/Program Files (x86)/Microsoft Visual Studio/2019/Community/Common7/IDE/CommonExtensions/Microsoft/CMake/Ninja/ninja.exe cmTC_7d694 && [1/2] Building C object CMakeFiles\cmTC_7d694.dir\CheckFunctionExists.c.obj
[2/2] Linking C executable cmTC_7d694.exe
FAILED: cmTC_7d694.exe 
cmd.exe /C "cd . && "C:\Program Files (x86)\Microsoft Visual Studio\2019\Community\Common7\IDE\CommonExtensions\Microsoft\CMake\CMake\bin\cmake.exe" -E vs_link_exe --intdir=CMakeFiles\cmTC_7d694.dir --rc=C:\PROGRA~2\WI3CF2~1\10\bin\100190~1.0\x64\rc.exe --mt=C:\PROGRA~2\WI3CF2~1\10\bin\100190~1.0\x64\mt.exe --manifests  -- C:\PROGRA~2\MICROS~1\2019\COMMUN~1\VC\Tools\MSVC\1428~1.299\bin\Hostx64\x64\link.exe /nologo CMakeFiles\cmTC_7d694.dir\CheckFunctionExists.c.obj  /out:cmTC_7d694.exe /implib:cmTC_7d694.lib /pdb:cmTC_7d694.pdb /version:0.0 /machine:x64  /debug /INCREMENTAL /subsystem:console  kernel32.lib user32.lib gdi32.lib winspool.lib shell32.lib ole32.lib oleaut32.lib uuid.lib comdlg32.lib advapi32.lib && cd ."
LINK Pass 1: command "C:\PROGRA~2\MICROS~1\2019\COMMUN~1\VC\Tools\MSVC\1428~1.299\bin\Hostx64\x64\link.exe /nologo CMakeFiles\cmTC_7d694.dir\CheckFunctionExists.c.obj /out:cmTC_7d694.exe /implib:cmTC_7d694.lib /pdb:cmTC_7d694.pdb /version:0.0 /machine:x64 /debug /INCREMENTAL /subsystem:console kernel32.lib user32.lib gdi32.lib winspool.lib shell32.lib ole32.lib oleaut32.lib uuid.lib comdlg32.lib advapi32.lib /MANIFEST /MANIFESTFILE:CMakeFiles\cmTC_7d694.dir/intermediate.manifest CMakeFiles\cmTC_7d694.dir/manifest.res" failed (exit code 1120) with the following output:
CheckFunctionExists.c.obj : error LNK2019: unresolved external symbol poll referenced in function main
cmTC_7d694.exe : fatal error LNK1120: 1 unresolved externals
ninja: build stopped: subcommand failed.



Determining if the function getaddrinfo exists failed with the following output:
Change Dir: C:/Users/User/source/repos/tealengine/enet/out/build/x64-Debug/CMakeFiles/CMakeTmp

Run Build Command(s):C:/Program Files (x86)/Microsoft Visual Studio/2019/Community/Common7/IDE/CommonExtensions/Microsoft/CMake/Ninja/ninja.exe cmTC_fb606 && [1/2] Building C object CMakeFiles\cmTC_fb606.dir\CheckFunctionExists.c.obj
[2/2] Linking C executable cmTC_fb606.exe
FAILED: cmTC_fb606.exe 
cmd.exe /C "cd . && "C:\Program Files (x86)\Microsoft Visual Studio\2019\Community\Common7\IDE\CommonExtensions\Microsoft\CMake\CMake\bin\cmake.exe" -E vs_link_exe --intdir=CMakeFiles\cmTC_fb606.dir --rc=C:\PROGRA~2\WI3CF2~1\10\bin\100190~1.0\x64\rc.exe --mt=C:\PROGRA~2\WI3CF2~1\10\bin\100190~1.0\x64\mt.exe --manifests  -- C:\PROGRA~2\MICROS~1\2019\COMMUN~1\VC\Tools\MSVC\1428~1.299\bin\Hostx64\x64\link.exe /nologo CMakeFiles\cmTC_fb606.dir\CheckFunctionExists.c.obj  /out:cmTC_fb606.exe /implib:cmTC_fb606.lib /pdb:cmTC_fb606.pdb /version:0.0 /machine:x64  /debug /INCREMENTAL /subsystem:console  kernel32.lib user32.lib gdi32.lib winspool.lib shell32.lib ole32.lib oleaut32.lib uuid.lib comdlg32.lib advapi32.lib && cd ."
LINK Pass 1: command "C:\PROGRA~2\MICROS~1\2019\COMMUN~1\VC\Tools\MSVC\1428~1.299\bin\Hostx64\x64\link.exe /nologo CMakeFiles\cmTC_fb606.dir\CheckFunctionExists.c.obj /out:cmTC_fb606.exe /implib:cmTC_fb606.lib /pdb:cmTC_fb606.pdb /version:0.0 /machine:x64 /debug /INCREMENTAL /subsystem:console kernel32.lib user32.lib gdi32.lib winspool.lib shell32.lib ole32.lib oleaut32.lib uuid.lib comdlg32.lib advapi32.lib /MANIFEST /MANIFESTFILE:CMakeFiles\cmTC_fb606.dir/intermediate.manifest CMakeFiles\cmTC_fb606.dir/manifest.res" failed (exit code 1120) with the following output:
CheckFunctionExists.c.obj : error LNK2019: unresolved external symbol getaddrinfo referenced in function main
cmTC_fb606.exe : fatal error LNK1120: 1 unresolved externals
ninja: build stopped: subcommand failed.



Determining if the function getnameinfo exists failed with the following output:
Change Dir: C:/Users/User/source/repos/tealengine/enet/out/build/x64-Debug/CMakeFiles/CMakeTmp

Run Build Command(s):C:/Program Files (x86)/Microsoft Visual Studio/2019/Community/Common7/IDE/CommonExtensions/Microsoft/CMake/Ninja/ninja.exe cmTC_cc77a && [1/2] Building C object CMakeFiles\cmTC_cc77a.dir\CheckFunctionExists.c.obj
[2/2] Linking C executable cmTC_cc77a.exe
FAILED: cmTC_cc77a.exe 
cmd.exe /C "cd . && "C:\Program Files (x86)\Microsoft Visual Studio\2019\Community\Common7\IDE\CommonExtensions\Microsoft\CMake\CMake\bin\cmake.exe" -E vs_link_exe --intdir=CMakeFiles\cmTC_cc77a.dir --rc=C:\PROGRA~2\WI3CF2~1\10\bin\100190~1.0\x64\rc.exe --mt=C:\PROGRA~2\WI3CF2~1\10\bin\100190~1.0\x64\mt.exe --manifests  -- C:\PROGRA~2\MICROS~1\2019\COMMUN~1\VC\Tools\MSVC\1428~1.299\bin\Hostx64\x64\link.exe /nologo CMakeFiles\cmTC_cc77a.dir\CheckFunctionExists.c.obj  /out:cmTC_cc77a.exe /implib:cmTC_cc77a.lib /pdb:cmTC_cc77a.pdb /version:0.0 /machine:x64  /debug /INCREMENTAL /subsystem:console  kernel32.lib user32.lib gdi32.lib winspool.lib shell32.lib ole32.lib oleaut32.lib uuid.lib comdlg32.lib advapi32.lib && cd ."
LINK Pass 1: command "C:\PROGRA~2\MICROS~1\2019\COMMUN~1\VC\Tools\MSVC\1428~1.299\bin\Hostx64\x64\link.exe /nologo CMakeFiles\cmTC_cc77a.dir\CheckFunctionExists.c.obj /out:cmTC_cc77a.exe /implib:cmTC_cc77a.lib /pdb:cmTC_cc77a.pdb /version:0.0 /machine:x64 /debug /INCREMENTAL /subsystem:console kernel32.lib user32.lib gdi32.lib winspool.lib shell32.lib ole32.lib oleaut32.lib uuid.lib comdlg32.lib advapi32.lib /MANIFEST /MANIFESTFILE:CMakeFiles\cmTC_cc77a.dir/intermediate.manifest CMakeFiles\cmTC_cc77a.dir/manifest.res" failed (exit code 1120) with the following output:
CheckFunctionExists.c.obj : error LNK2019: unresolved external symbol getnameinfo referenced in function main
cmTC_cc77a.exe : fatal error LNK1120: 1 unresolved externals
ninja: build stopped: subcommand failed.



Determining if the function gethostbyname_r exists failed with the following output:
Change Dir: C:/Users/User/source/repos/tealengine/enet/out/build/x64-Debug/CMakeFiles/CMakeTmp

Run Build Command(s):C:/Program Files (x86)/Microsoft Visual Studio/2019/Community/Common7/IDE/CommonExtensions/Microsoft/CMake/Ninja/ninja.exe cmTC_2ae88 && [1/2] Building C object CMakeFiles\cmTC_2ae88.dir\CheckFunctionExists.c.obj
[2/2] Linking C executable cmTC_2ae88.exe
FAILED: cmTC_2ae88.exe 
cmd.exe /C "cd . && "C:\Program Files (x86)\Microsoft Visual Studio\2019\Community\Common7\IDE\CommonExtensions\Microsoft\CMake\CMake\bin\cmake.exe" -E vs_link_exe --intdir=CMakeFiles\cmTC_2ae88.dir --rc=C:\PROGRA~2\WI3CF2~1\10\bin\100190~1.0\x64\rc.exe --mt=C:\PROGRA~2\WI3CF2~1\10\bin\100190~1.0\x64\mt.exe --manifests  -- C:\PROGRA~2\MICROS~1\2019\COMMUN~1\VC\Tools\MSVC\1428~1.299\bin\Hostx64\x64\link.exe /nologo CMakeFiles\cmTC_2ae88.dir\CheckFunctionExists.c.obj  /out:cmTC_2ae88.exe /implib:cmTC_2ae88.lib /pdb:cmTC_2ae88.pdb /version:0.0 /machine:x64  /debug /INCREMENTAL /subsystem:console  kernel32.lib user32.lib gdi32.lib winspool.lib shell32.lib ole32.lib oleaut32.lib uuid.lib comdlg32.lib advapi32.lib && cd ."
LINK Pass 1: command "C:\PROGRA~2\MICROS~1\2019\COMMUN~1\VC\Tools\MSVC\1428~1.299\bin\Hostx64\x64\link.exe /nologo CMakeFiles\cmTC_2ae88.dir\CheckFunctionExists.c.obj /out:cmTC_2ae88.exe /implib:cmTC_2ae88.lib /pdb:cmTC_2ae88.pdb /version:0.0 /machine:x64 /debug /INCREMENTAL /subsystem:console kernel32.lib user32.lib gdi32.lib winspool.lib shell32.lib ole32.lib oleaut32.lib uuid.lib comdlg32.lib advapi32.lib /MANIFEST /MANIFESTFILE:CMakeFiles\cmTC_2ae88.dir/intermediate.manifest CMakeFiles\cmTC_2ae88.dir/manifest.res" failed (exit code 1120) with the following output:
CheckFunctionExists.c.obj : error LNK2019: unresolved external symbol gethostbyname_r referenced in function main
cmTC_2ae88.exe : fatal error LNK1120: 1 unresolved externals
ninja: build stopped: subcommand failed.



Determining if the function gethostbyaddr_r exists failed with the following output:
Change Dir: C:/Users/User/source/repos/tealengine/enet/out/build/x64-Debug/CMakeFiles/CMakeTmp

Run Build Command(s):C:/Program Files (x86)/Microsoft Visual Studio/2019/Community/Common7/IDE/CommonExtensions/Microsoft/CMake/Ninja/ninja.exe cmTC_d88b6 && [1/2] Building C object CMakeFiles\cmTC_d88b6.dir\CheckFunctionExists.c.obj
[2/2] Linking C executable cmTC_d88b6.exe
FAILED: cmTC_d88b6.exe 
cmd.exe /C "cd . && "C:\Program Files (x86)\Microsoft Visual Studio\2019\Community\Common7\IDE\CommonExtensions\Microsoft\CMake\CMake\bin\cmake.exe" -E vs_link_exe --intdir=CMakeFiles\cmTC_d88b6.dir --rc=C:\PROGRA~2\WI3CF2~1\10\bin\100190~1.0\x64\rc.exe --mt=C:\PROGRA~2\WI3CF2~1\10\bin\100190~1.0\x64\mt.exe --manifests  -- C:\PROGRA~2\MICROS~1\2019\COMMUN~1\VC\Tools\MSVC\1428~1.299\bin\Hostx64\x64\link.exe /nologo CMakeFiles\cmTC_d88b6.dir\CheckFunctionExists.c.obj  /out:cmTC_d88b6.exe /implib:cmTC_d88b6.lib /pdb:cmTC_d88b6.pdb /version:0.0 /machine:x64  /debug /INCREMENTAL /subsystem:console  kernel32.lib user32.lib gdi32.lib winspool.lib shell32.lib ole32.lib oleaut32.lib uuid.lib comdlg32.lib advapi32.lib && cd ."
LINK Pass 1: command "C:\PROGRA~2\MICROS~1\2019\COMMUN~1\VC\Tools\MSVC\1428~1.299\bin\Hostx64\x64\link.exe /nologo CMakeFiles\cmTC_d88b6.dir\CheckFunctionExists.c.obj /out:cmTC_d88b6.exe /implib:cmTC_d88b6.lib /pdb:cmTC_d88b6.pdb /version:0.0 /machine:x64 /debug /INCREMENTAL /subsystem:console kernel32.lib user32.lib gdi32.lib winspool.lib shell32.lib ole32.lib oleaut32.lib uuid.lib comdlg32.lib advapi32.lib /MANIFEST /MANIFESTFILE:CMakeFiles\cmTC_d88b6.dir/intermediate.manifest CMakeFiles\cmTC_d88b6.dir/manifest.res" failed (exit code 1120) with the following output:
CheckFunctionExists.c.obj : error LNK2019: unresolved external symbol gethostbyaddr_r referenced in function main
cmTC_d88b6.exe : fatal error LNK1120: 1 unresolved externals
ninja: build stopped: subcommand failed.



Determining if the function inet_pton exists failed with the following output:
Change Dir: C:/Users/User/source/repos/tealengine/enet/out/build/x64-Debug/CMakeFiles/CMakeTmp

Run Build Command(s):C:/Program Files (x86)/Microsoft Visual Studio/2019/Community/Common7/IDE/CommonExtensions/Microsoft/CMake/Ninja/ninja.exe cmTC_4e4bb && [1/2] Building C object CMakeFiles\cmTC_4e4bb.dir\CheckFunctionExists.c.obj
[2/2] Linking C executable cmTC_4e4bb.exe
FAILED: cmTC_4e4bb.exe 
cmd.exe /C "cd . && "C:\Program Files (x86)\Microsoft Visual Studio\2019\Community\Common7\IDE\CommonExtensions\Microsoft\CMake\CMake\bin\cmake.exe" -E vs_link_exe --intdir=CMakeFiles\cmTC_4e4bb.dir --rc=C:\PROGRA~2\WI3CF2~1\10\bin\100190~1.0\x64\rc.exe --mt=C:\PROGRA~2\WI3CF2~1\10\bin\100190~1.0\x64\mt.exe --manifests  -- C:\PROGRA~2\MICROS~1\2019\COMMUN~1\VC\Tools\MSVC\1428~1.299\bin\Hostx64\x64\link.exe /nologo CMakeFiles\cmTC_4e4bb.dir\CheckFunctionExists.c.obj  /out:cmTC_4e4bb.exe /implib:cmTC_4e4bb.lib /pdb:cmTC_4e4bb.pdb /version:0.0 /machine:x64  /debug /INCREMENTAL /subsystem:console  kernel32.lib user32.lib gdi32.lib winspool.lib shell32.lib ole32.lib oleaut32.lib uuid.lib comdlg32.lib advapi32.lib && cd ."
LINK Pass 1: command "C:\PROGRA~2\MICROS~1\2019\COMMUN~1\VC\Tools\MSVC\1428~1.299\bin\Hostx64\x64\link.exe /nologo CMakeFiles\cmTC_4e4bb.dir\CheckFunctionExists.c.obj /out:cmTC_4e4bb.exe /implib:cmTC_4e4bb.lib /pdb:cmTC_4e4bb.pdb /version:0.0 /machine:x64 /debug /INCREMENTAL /subsystem:console kernel32.lib user32.lib gdi32.lib winspool.lib shell32.lib ole32.lib oleaut32.lib uuid.lib comdlg32.lib advapi32.lib /MANIFEST /MANIFESTFILE:CMakeFiles\cmTC_4e4bb.dir/intermediate.manifest CMakeFiles\cmTC_4e4bb.dir/manifest.res" failed (exit code 1120) with the following output:
CheckFunctionExists.c.obj : error LNK2019: unresolved external symbol inet_pton referenced in function main
cmTC_4e4bb.exe : fatal error LNK1120: 1 unresolved externals
ninja: build stopped: subcommand failed.



Determining if the function inet_ntop exists failed with the following output:
Change Dir: C:/Users/User/source/repos/tealengine/enet/out/build/x64-Debug/CMakeFiles/CMakeTmp

Run Build Command(s):C:/Program Files (x86)/Microsoft Visual Studio/2019/Community/Common7/IDE/CommonExtensions/Microsoft/CMake/Ninja/ninja.exe cmTC_70b55 && [1/2] Building C object CMakeFiles\cmTC_70b55.dir\CheckFunctionExists.c.obj
[2/2] Linking C executable cmTC_70b55.exe
FAILED: cmTC_70b55.exe 
cmd.exe /C "cd . && "C:\Program Files (x86)\Microsoft Visual Studio\2019\Community\Common7\IDE\CommonExtensions\Microsoft\CMake\CMake\bin\cmake.exe" -E vs_link_exe --intdir=CMakeFiles\cmTC_70b55.dir --rc=C:\PROGRA~2\WI3CF2~1\10\bin\100190~1.0\x64\rc.exe --mt=C:\PROGRA~2\WI3CF2~1\10\bin\100190~1.0\x64\mt.exe --manifests  -- C:\PROGRA~2\MICROS~1\2019\COMMUN~1\VC\Tools\MSVC\1428~1.299\bin\Hostx64\x64\link.exe /nologo CMakeFiles\cmTC_70b55.dir\CheckFunctionExists.c.obj  /out:cmTC_70b55.exe /implib:cmTC_70b55.lib /pdb:cmTC_70b55.pdb /version:0.0 /machine:x64  /debug /INCREMENTAL /subsystem:console  kernel32.lib user32.lib gdi32.lib winspool.lib shell32.lib ole32.lib oleaut32.lib uuid.lib comdlg32.lib advapi32.lib && cd ."
LINK Pass 1: command "C:\PROGRA~2\MICROS~1\2019\COMMUN~1\VC\Tools\MSVC\1428~1.299\bin\Hostx64\x64\link.exe /nologo CMakeFiles\cmTC_70b55.dir\CheckFunctionExists.c.obj /out:cmTC_70b55.exe /implib:cmTC_70b55.lib /pdb:cmTC_70b55.pdb /version:0.0 /machine:x64 /debug /INCREMENTAL /subsystem:console kernel32.lib user32.lib gdi32.lib winspool.lib shell32.lib ole32.lib oleaut32.lib uuid.lib comdlg32.lib advapi32.lib /MANIFEST /MANIFESTFILE:CMakeFiles\cmTC_70b55.dir/intermediate.manifest CMakeFiles\cmTC_70b55.dir/manifest.res" failed (exit code 1120) with the following output:
CheckFunctionExists.c.obj : error LNK2019: unresolved external symbol inet_ntop referenced in function main
cmTC_70b55.exe : fatal error LNK1120: 1 unresolved externals
ninja: build stopped: subcommand failed.



Performing C SOURCE FILE Test HAS_MSGHDR_FLAGS failed with the following output:
Change Dir: C:/Users/User/source/repos/tealengine/enet/out/build/x64-Debug/CMakeFiles/CMakeTmp

Run Build Command(s):C:/Program Files (x86)/Microsoft Visual Studio/2019/Community/Common7/IDE/CommonExtensions/Microsoft/CMake/Ninja/ninja.exe cmTC_eb271 && [1/2] Building C object CMakeFiles\cmTC_eb271.dir\src.c.obj
FAILED: CMakeFiles/cmTC_eb271.dir/src.c.obj 
C:\PROGRA~2\MICROS~1\2019\COMMUN~1\VC\Tools\MSVC\1428~1.299\bin\Hostx64\x64\cl.exe  /nologo -DHAS_MSGHDR_FLAGS  /DWIN32 /D_WINDOWS /W3  /MDd /Zi /Ob0 /Od /RTC1 /showIncludes /FoCMakeFiles\cmTC_eb271.dir\src.c.obj /FdCMakeFiles\cmTC_eb271.dir\ /FS -c src.c
src.c(3): fatal error C1083: Cannot open include file: 'sys/socket.h': No such file or directory
ninja: build stopped: subcommand failed.


Source file was:

#include <sys/types.h>
#include <sys/socket.h>

int main()
{
  (void)sizeof(((struct msghdr *)0)->msg_flags);
  return 0;
}

Determining size of socklen_t failed with the following output:
Change Dir: C:/Users/User/source/repos/tealengine/enet/out/build/x64-Debug/CMakeFiles/CMakeTmp

Run Build Command(s):C:/Program Files (x86)/Microsoft Visual Studio/2019/Community/Common7/IDE/CommonExtensions/Microsoft/CMake/Ninja/ninja.exe cmTC_d7b40 && [1/2] Building C object CMakeFiles\cmTC_d7b40.dir\HAS_SOCKLEN_T.c.obj
FAILED: CMakeFiles/cmTC_d7b40.dir/HAS_SOCKLEN_T.c.obj 
C:\PROGRA~2\MICROS~1\2019\COMMUN~1\VC\Tools\MSVC\1428~1.299\bin\Hostx64\x64\cl.exe  /nologo   /DWIN32 /D_WINDOWS /W3  /MDd /Zi /Ob0 /Od /RTC1 /showIncludes /FoCMakeFiles\cmTC_d7b40.dir\HAS_SOCKLEN_T.c.obj /FdCMakeFiles\cmTC_d7b40.dir\ /FS -c C:\Users\User\source\repos\tealengine\enet\out\build\x64-Debug\CMakeFiles\CheckTypeSize\HAS_SOCKLEN_T.c
C:\Users\User\source\repos\tealengine\enet\out\build\x64-Debug\CMakeFiles\CheckTypeSize\HAS_SOCKLEN_T.c(2): fatal error C1083: Cannot open include file: 'sys/socket.h': No such file or directory
ninja: build stopped: subcommand failed.


C:/Users/User/source/repos/tealengine/enet/out/build/x64-Debug/CMakeFiles/CheckTypeSize/HAS_SOCKLEN_T.c:
#include "sys/types.h"
#include "sys/socket.h"


#undef KEY
#if defined(__i386)
# define KEY '_','_','i','3','8','6'
#elif defined(__x86_64)
# define KEY '_','_','x','8','6','_','6','4'
#elif defined(__PPC64__)
# define KEY '_','_','P','P','C','6','4','_','_'
#elif defined(__ppc64__)
# define KEY '_','_','p','p','c','6','4','_','_'
#elif defined(__PPC__)
# define KEY '_','_','P','P','C','_','_'
#elif defined(__ppc__)
# define KEY '_','_','p','p','c','_','_'
#elif defined(__aarch64__)
# define KEY '_','_','a','a','r','c','h','6','4','_','_'
#elif defined(__ARM_ARCH_7A__)
# define KEY '_','_','A','R','M','_','A','R','C','H','_','7','A','_','_'
#elif defined(__ARM_ARCH_7S__)
# define KEY '_','_','A','R','M','_','A','R','C','H','_','7','S','_','_'
#endif

#define SIZE (sizeof(socklen_t))
static char info_size[] =  {'I', 'N', 'F', 'O', ':', 's','i','z','e','[',
  ('0' + ((SIZE / 10000)%10)),
  ('0' + ((SIZE / 1000)%10)),
  ('0' + ((SIZE / 100)%10)),
  ('0' + ((SIZE / 10)%10)),
  ('0' +  (SIZE    % 10)),
  ']',
#ifdef KEY
  ' ','k','e','y','[', KEY, ']',
#endif
  '\0'};

#ifdef __CLASSIC_C__
int main(argc, argv) int argc; char *argv[];
#else
int main(int argc, char *argv[])
#endif
{
  int require = 0;
  require += info_size[argc];
  (void)argv;
  return require;
}


